2026-02-06 22:45:14,971 - INFO - Target Session Resolved: 5694eca2-609c-440b-a81b-edfbd859e8e3
2026-02-06 22:45:15,373 - INFO - Tracking POSITION AMZN from entry: $201.054331
2026-02-06 22:45:15,373 - INFO - Tracking WATCHLIST APLD (Waiting for quote...)
2026-02-06 22:45:15,373 - INFO - Tracking WATCHLIST POET (Waiting for quote...)
2026-02-06 22:45:15,373 - INFO - Tracking POSITION COIN from entry: $161.2
2026-02-06 22:45:15,373 - INFO - Tracking POSITION MSTR from entry: $132.761067
2026-02-06 22:45:15,373 - INFO - Sentinel connected. Monitoring ['AMZN', 'APLD', 'POET', 'COIN', 'MSTR'].
2026-02-06 22:45:15,373 - INFO - started data stream
2026-02-06 22:45:15,373 - INFO - starting data websocket connection
2026-02-06 22:45:15,373 - INFO - connecting to wss://stream.data.alpaca.markets/v2/iex
2026-02-06 22:45:17,032 - INFO - connected to wss://stream.data.alpaca.markets/v2/iex
2026-02-06 22:45:17,269 - INFO - subscribed to trades: ['AMZN', 'APLD', 'COIN', 'MSTR', 'POET'], corrections: ['AMZN', 'APLD', 'COIN', 'MSTR', 'POET'], cancelErrors: ['AMZN', 'APLD', 'COIN', 'MSTR', 'POET']
2026-02-06 22:45:26,110 - INFO - WATCHLIST POET baseline set to $5.875
2026-02-06 22:45:33,227 - INFO - WATCHLIST APLD baseline set to $34.725
2026-02-06 22:46:15,134 - INFO - HEARTBEAT: Sentinel is running...
2026-02-06 22:47:14,896 - INFO - HEARTBEAT: Sentinel is running...
2026-02-06 22:48:14,638 - INFO - HEARTBEAT: Sentinel is running...
2026-02-06 22:49:14,408 - INFO - HEARTBEAT: Sentinel is running...
2026-02-06 22:50:14,160 - INFO - HEARTBEAT: Sentinel is running...
2026-02-06 22:51:13,919 - INFO - HEARTBEAT: Sentinel is running...
2026-02-06 22:52:13,671 - INFO - HEARTBEAT: Sentinel is running...
2026-02-06 22:53:13,424 - INFO - HEARTBEAT: Sentinel is running...
2026-02-06 22:54:13,187 - INFO - HEARTBEAT: Sentinel is running...
2026-02-06 22:54:55,601 - INFO - ALERT TRIGGERED: AMZN hit 5% threshold (UP 5.00%) (Price: $211.115, Entry: $201.054331)
2026-02-06 22:54:57,966 - INFO - ALERT TRIGGERED: AMZN hit 5% threshold (UP 5.01%) (Price: $211.125, Entry: $201.054331)
2026-02-06 22:55:08,299 - INFO - Notified session 5694eca2-609c-440b-a81b-edfbd859e8e3: AMZN hit 5% threshold (UP 5.00%) (Price: $211.115, Entry: $201.054331)
2026-02-06 22:55:12,933 - INFO - HEARTBEAT: Sentinel is running...
2026-02-06 22:55:12,968 - ERROR - Notification Timed Out (Subprocess hung)
2026-02-06 22:56:12,703 - INFO - HEARTBEAT: Sentinel is running...
2026-02-06 22:57:12,455 - INFO - HEARTBEAT: Sentinel is running...
2026-02-06 22:58:12,205 - INFO - HEARTBEAT: Sentinel is running...
2026-02-06 22:59:11,957 - INFO - HEARTBEAT: Sentinel is running...
2026-02-06 23:00:11,700 - INFO - HEARTBEAT: Sentinel is running...
2026-02-06 23:01:11,461 - INFO - HEARTBEAT: Sentinel is running...
2026-02-06 23:02:11,212 - INFO - HEARTBEAT: Sentinel is running...
2026-02-06 23:03:10,962 - INFO - HEARTBEAT: Sentinel is running...
2026-02-06 23:04:10,709 - INFO - HEARTBEAT: Sentinel is running...
2026-02-06 23:05:10,456 - INFO - HEARTBEAT: Sentinel is running...
2026-02-06 23:06:10,206 - INFO - HEARTBEAT: Sentinel is running...
2026-02-06 23:07:09,954 - INFO - HEARTBEAT: Sentinel is running...
2026-02-06 23:08:09,716 - INFO - HEARTBEAT: Sentinel is running...
2026-02-06 23:09:09,473 - INFO - HEARTBEAT: Sentinel is running...
2026-02-06 23:10:09,222 - INFO - HEARTBEAT: Sentinel is running...
2026-02-06 23:11:08,968 - INFO - HEARTBEAT: Sentinel is running...
2026-02-06 23:12:08,708 - INFO - HEARTBEAT: Sentinel is running...
2026-02-06 23:13:08,457 - INFO - HEARTBEAT: Sentinel is running...
2026-02-06 23:14:08,206 - INFO - HEARTBEAT: Sentinel is running...
2026-02-06 23:15:07,940 - INFO - HEARTBEAT: Sentinel is running...
2026-02-06 23:16:07,687 - INFO - HEARTBEAT: Sentinel is running...
2026-02-06 23:17:07,412 - INFO - HEARTBEAT: Sentinel is running...
2026-02-06 23:18:07,163 - INFO - HEARTBEAT: Sentinel is running...
2026-02-06 23:19:06,910 - INFO - HEARTBEAT: Sentinel is running...
2026-02-06 23:20:06,656 - INFO - HEARTBEAT: Sentinel is running...
2026-02-06 23:21:06,380 - INFO - HEARTBEAT: Sentinel is running...
2026-02-06 23:22:06,120 - INFO - HEARTBEAT: Sentinel is running...
2026-02-06 23:23:05,852 - INFO - HEARTBEAT: Sentinel is running...
2026-02-06 23:24:05,598 - INFO - HEARTBEAT: Sentinel is running...
2026-02-06 23:25:05,346 - INFO - HEARTBEAT: Sentinel is running...
2026-02-06 23:26:05,086 - INFO - HEARTBEAT: Sentinel is running...
2026-02-06 23:27:04,846 - INFO - HEARTBEAT: Sentinel is running...
2026-02-06 23:28:04,581 - INFO - HEARTBEAT: Sentinel is running...
2026-02-06 23:29:04,297 - INFO - HEARTBEAT: Sentinel is running...
2026-02-06 23:30:04,065 - INFO - HEARTBEAT: Sentinel is running...
2026-02-06 23:31:03,809 - INFO - HEARTBEAT: Sentinel is running...
2026-02-06 23:32:03,547 - INFO - HEARTBEAT: Sentinel is running...
2026-02-06 23:33:03,293 - INFO - HEARTBEAT: Sentinel is running...
2026-02-06 23:34:03,000 - INFO - HEARTBEAT: Sentinel is running...
2026-02-06 23:35:02,745 - INFO - HEARTBEAT: Sentinel is running...
2026-02-06 23:36:02,475 - INFO - HEARTBEAT: Sentinel is running...
2026-02-06 23:37:02,200 - INFO - HEARTBEAT: Sentinel is running...
2026-02-06 23:38:01,923 - INFO - HEARTBEAT: Sentinel is running...
2026-02-06 23:39:01,644 - INFO - HEARTBEAT: Sentinel is running...
2026-02-06 23:40:01,377 - INFO - HEARTBEAT: Sentinel is running...
2026-02-06 23:41:01,100 - INFO - HEARTBEAT: Sentinel is running...
2026-02-06 23:42:00,824 - INFO - HEARTBEAT: Sentinel is running...
2026-02-06 23:43:00,541 - INFO - HEARTBEAT: Sentinel is running...
2026-02-06 23:44:00,263 - INFO - HEARTBEAT: Sentinel is running...
2026-02-06 23:44:59,988 - INFO - HEARTBEAT: Sentinel is running...
2026-02-06 23:45:59,703 - INFO - HEARTBEAT: Sentinel is running...
2026-02-06 23:46:59,447 - INFO - HEARTBEAT: Sentinel is running...
2026-02-06 23:47:59,194 - INFO - HEARTBEAT: Sentinel is running...
2026-02-06 23:48:58,933 - INFO - HEARTBEAT: Sentinel is running...
2026-02-06 23:49:58,688 - INFO - HEARTBEAT: Sentinel is running...
2026-02-06 23:50:58,408 - INFO - HEARTBEAT: Sentinel is running...
2026-02-06 23:51:58,157 - INFO - HEARTBEAT: Sentinel is running...
2026-02-06 23:52:57,877 - INFO - HEARTBEAT: Sentinel is running...
2026-02-06 23:53:57,596 - INFO - HEARTBEAT: Sentinel is running...
2026-02-06 23:54:57,330 - INFO - HEARTBEAT: Sentinel is running...
2026-02-06 23:55:57,045 - INFO - HEARTBEAT: Sentinel is running...
2026-02-06 23:56:56,781 - INFO - HEARTBEAT: Sentinel is running...
2026-02-06 23:57:56,503 - INFO - HEARTBEAT: Sentinel is running...
2026-02-06 23:58:56,209 - INFO - HEARTBEAT: Sentinel is running...
2026-02-06 23:59:55,958 - INFO - HEARTBEAT: Sentinel is running...
2026-02-07 00:00:55,678 - INFO - HEARTBEAT: Sentinel is running...
2026-02-07 00:01:55,405 - INFO - HEARTBEAT: Sentinel is running...
2026-02-07 00:02:55,122 - INFO - HEARTBEAT: Sentinel is running...
2026-02-07 00:03:54,839 - INFO - HEARTBEAT: Sentinel is running...
2026-02-07 00:04:54,565 - INFO - HEARTBEAT: Sentinel is running...
2026-02-07 00:05:54,262 - INFO - HEARTBEAT: Sentinel is running...
2026-02-07 00:06:53,977 - INFO - HEARTBEAT: Sentinel is running...
2026-02-07 00:07:53,710 - INFO - HEARTBEAT: Sentinel is running...
2026-02-07 00:08:53,412 - INFO - HEARTBEAT: Sentinel is running...
2026-02-07 00:09:53,119 - INFO - HEARTBEAT: Sentinel is running...
2026-02-07 00:10:52,827 - INFO - HEARTBEAT: Sentinel is running...
2026-02-07 00:11:52,561 - INFO - HEARTBEAT: Sentinel is running...
2026-02-07 00:12:52,265 - INFO - HEARTBEAT: Sentinel is running...
2026-02-07 00:13:51,996 - INFO - HEARTBEAT: Sentinel is running...
2026-02-07 00:14:51,713 - INFO - HEARTBEAT: Sentinel is running...
2026-02-07 00:15:51,443 - INFO - HEARTBEAT: Sentinel is running...
2026-02-07 00:16:51,154 - INFO - HEARTBEAT: Sentinel is running...
2026-02-07 00:17:50,857 - INFO - HEARTBEAT: Sentinel is running...
2026-02-07 00:18:50,556 - INFO - HEARTBEAT: Sentinel is running...
2026-02-07 00:19:50,244 - INFO - HEARTBEAT: Sentinel is running...
2026-02-07 00:20:49,957 - INFO - HEARTBEAT: Sentinel is running...
2026-02-07 00:21:49,667 - INFO - HEARTBEAT: Sentinel is running...
2026-02-07 00:22:49,376 - INFO - HEARTBEAT: Sentinel is running...
2026-02-07 00:23:49,063 - INFO - HEARTBEAT: Sentinel is running...
2026-02-07 00:24:48,751 - INFO - HEARTBEAT: Sentinel is running...
2026-02-07 00:25:48,451 - INFO - HEARTBEAT: Sentinel is running...
2026-02-07 00:26:48,150 - INFO - HEARTBEAT: Sentinel is running...
2026-02-07 00:27:47,847 - INFO - HEARTBEAT: Sentinel is running...
2026-02-07 00:28:47,543 - INFO - HEARTBEAT: Sentinel is running...
2026-02-07 00:29:47,226 - INFO - HEARTBEAT: Sentinel is running...
2026-02-07 00:30:46,935 - INFO - HEARTBEAT: Sentinel is running...
2026-02-07 00:31:46,653 - INFO - HEARTBEAT: Sentinel is running...
2026-02-07 00:32:46,360 - INFO - HEARTBEAT: Sentinel is running...
2026-02-07 00:33:46,051 - INFO - HEARTBEAT: Sentinel is running...
2026-02-07 00:34:45,748 - INFO - HEARTBEAT: Sentinel is running...
2026-02-07 00:35:45,442 - INFO - HEARTBEAT: Sentinel is running...
2026-02-07 00:36:45,143 - INFO - HEARTBEAT: Sentinel is running...
2026-02-07 00:37:44,845 - INFO - HEARTBEAT: Sentinel is running...
2026-02-07 00:38:44,540 - INFO - HEARTBEAT: Sentinel is running...
2026-02-07 00:39:44,238 - INFO - HEARTBEAT: Sentinel is running...
2026-02-07 00:40:43,926 - INFO - HEARTBEAT: Sentinel is running...
2026-02-07 00:41:43,615 - INFO - HEARTBEAT: Sentinel is running...
2026-02-07 00:42:43,303 - INFO - HEARTBEAT: Sentinel is running...
2026-02-07 00:43:42,990 - INFO - HEARTBEAT: Sentinel is running...
2026-02-07 00:44:42,664 - INFO - HEARTBEAT: Sentinel is running...
2026-02-07 00:45:42,347 - INFO - HEARTBEAT: Sentinel is running...
2026-02-07 00:46:42,049 - INFO - HEARTBEAT: Sentinel is running...
2026-02-07 00:47:41,740 - INFO - HEARTBEAT: Sentinel is running...
2026-02-07 00:48:41,447 - INFO - HEARTBEAT: Sentinel is running...
2026-02-07 00:49:41,148 - INFO - HEARTBEAT: Sentinel is running...
2026-02-07 00:50:40,833 - INFO - HEARTBEAT: Sentinel is running...
2026-02-07 00:51:40,521 - INFO - HEARTBEAT: Sentinel is running...
2026-02-07 00:52:40,225 - INFO - HEARTBEAT: Sentinel is running...
2026-02-07 00:53:39,959 - INFO - HEARTBEAT: Sentinel is running...
2026-02-07 00:54:39,648 - INFO - HEARTBEAT: Sentinel is running...
2026-02-07 00:55:39,317 - INFO - HEARTBEAT: Sentinel is running...
2026-02-07 00:56:38,999 - INFO - HEARTBEAT: Sentinel is running...
2026-02-07 00:57:38,689 - INFO - HEARTBEAT: Sentinel is running...
2026-02-07 00:58:38,367 - INFO - HEARTBEAT: Sentinel is running...
2026-02-07 00:59:38,038 - INFO - HEARTBEAT: Sentinel is running...
2026-02-07 01:00:37,701 - INFO - HEARTBEAT: Sentinel is running...
2026-02-07 01:01:37,389 - INFO - HEARTBEAT: Sentinel is running...
2026-02-07 01:02:37,071 - INFO - HEARTBEAT: Sentinel is running...
2026-02-07 01:03:36,755 - INFO - HEARTBEAT: Sentinel is running...
2026-02-07 01:04:36,451 - INFO - HEARTBEAT: Sentinel is running...
2026-02-07 01:05:36,125 - INFO - HEARTBEAT: Sentinel is running...
2026-02-07 01:06:35,802 - INFO - HEARTBEAT: Sentinel is running...
2026-02-07 01:07:35,476 - INFO - HEARTBEAT: Sentinel is running...
